OpenROAD 4174c3ad802d2ac1d04d387d2c4b883903f6647e 
This program is licensed under the BSD-3 license. See the LICENSE file for details.
Components of this program may be licensed under more restrictive licenses which must be honored.
[INFO ORD-0030] Using 48 thread(s).
[INFO DRT-0149] Reading tech and libs.

Units:                1000
Number of layers:     13
Number of macros:     441
Number of vias:       25
Number of viarulegen: 25

[INFO DRT-0150] Reading design.

Design:                   hehe
Die area:                 ( 0 0 ) ( 1920000 1920000 )
Number of track patterns: 12
Number of DEF vias:       1
Number of components:     419941
Number of terminals:      207
Number of snets:          2
Number of nets:           55805

[INFO DRT-0167] List of default vias:
  Layer mcon
    default via: L1M1_PR
  Layer via
    default via: M1M2_PR
  Layer via2
    default via: M2M3_PR
  Layer via3
    default via: M3M4_PR
  Layer via4
    default via: M4M5_PR
[INFO DRT-0162] Library cell analysis.
[INFO DRT-0163] Instance analysis.
  Complete 10000 instances.
  Complete 20000 instances.
  Complete 30000 instances.
  Complete 40000 instances.
  Complete 50000 instances.
  Complete 60000 instances.
  Complete 70000 instances.
  Complete 80000 instances.
  Complete 90000 instances.
  Complete 100000 instances.
  Complete 200000 instances.
  Complete 300000 instances.
  Complete 400000 instances.
[INFO DRT-0164] Number of unique instances = 180.
[INFO DRT-0168] Init region query.
[INFO DRT-0018]   Complete 10000 insts.
[INFO DRT-0018]   Complete 20000 insts.
[INFO DRT-0018]   Complete 30000 insts.
[INFO DRT-0018]   Complete 40000 insts.
[INFO DRT-0018]   Complete 50000 insts.
[INFO DRT-0018]   Complete 60000 insts.
[INFO DRT-0018]   Complete 70000 insts.
[INFO DRT-0018]   Complete 80000 insts.
[INFO DRT-0018]   Complete 90000 insts.
[INFO DRT-0019]   Complete 100000 insts.
[INFO DRT-0019]   Complete 200000 insts.
[INFO DRT-0019]   Complete 300000 insts.
[INFO DRT-0019]   Complete 400000 insts.
[INFO DRT-0024]   Complete FR_MASTERSLICE.
[INFO DRT-0024]   Complete FR_VIA.
[INFO DRT-0024]   Complete li1.
[INFO DRT-0024]   Complete mcon.
[INFO DRT-0024]   Complete met1.
[INFO DRT-0024]   Complete via.
[INFO DRT-0024]   Complete met2.
[INFO DRT-0024]   Complete via2.
[INFO DRT-0024]   Complete met3.
[INFO DRT-0024]   Complete via3.
[INFO DRT-0024]   Complete met4.
[INFO DRT-0024]   Complete via4.
[INFO DRT-0024]   Complete met5.
[INFO DRT-0033] FR_MASTERSLICE shape region query size = 0.
[INFO DRT-0033] FR_VIA shape region query size = 0.
[INFO DRT-0033] li1 shape region query size = 3576457.
[INFO DRT-0033] mcon shape region query size = 5550339.
[INFO DRT-0033] met1 shape region query size = 984031.
[INFO DRT-0033] via shape region query size = 0.
[INFO DRT-0033] met2 shape region query size = 106.
[INFO DRT-0033] via2 shape region query size = 0.
[INFO DRT-0033] met3 shape region query size = 99.
[INFO DRT-0033] via3 shape region query size = 0.
[INFO DRT-0033] met4 shape region query size = 390.
[INFO DRT-0033] via4 shape region query size = 338.
[INFO DRT-0033] met5 shape region query size = 390.
[INFO DRT-0165] Start pin access.
[INFO DRT-0076]   Complete 100 pins.
[INFO DRT-0076]   Complete 200 pins.
[INFO DRT-0076]   Complete 300 pins.
[INFO DRT-0076]   Complete 400 pins.
[INFO DRT-0076]   Complete 500 pins.
[INFO DRT-0076]   Complete 600 pins.
[INFO DRT-0078]   Complete 683 pins.
[INFO DRT-0079]   Complete 100 unique inst patterns.
[INFO DRT-0081]   Complete 162 unique inst patterns.
[INFO DRT-0082]   Complete 1000 groups.
[INFO DRT-0082]   Complete 2000 groups.
[INFO DRT-0082]   Complete 3000 groups.
[INFO DRT-0082]   Complete 4000 groups.
[INFO DRT-0082]   Complete 5000 groups.
[INFO DRT-0082]   Complete 6000 groups.
[INFO DRT-0082]   Complete 7000 groups.
[INFO DRT-0082]   Complete 8000 groups.
[INFO DRT-0082]   Complete 9000 groups.
[INFO DRT-0083]   Complete 10000 groups.
[INFO DRT-0083]   Complete 20000 groups.
[INFO DRT-0083]   Complete 30000 groups.
[INFO DRT-0083]   Complete 40000 groups.
[INFO DRT-0083]   Complete 50000 groups.
[INFO DRT-0084]   Complete 59571 groups.
#scanned instances     = 419941
#unique  instances     = 180
#stdCellGenAp          = 4695
#stdCellValidPlanarAp  = 42
#stdCellValidViaAp     = 3771
#stdCellPinNoAp        = 0
#stdCellPinCnt         = 196070
#instTermValidViaApCnt = 0
#macroGenAp            = 0
#macroValidPlanarAp    = 0
#macroValidViaAp       = 0
#macroNoAp             = 0
[INFO DRT-0166] Complete pin access.
[INFO DRT-0267] cpu time = 00:01:39, elapsed time = 00:00:05, memory = 1556.47 (MB), peak = 1661.29 (MB)
[INFO DRT-0156] guideIn read 100000 guides.
[INFO DRT-0156] guideIn read 200000 guides.
[INFO DRT-0156] guideIn read 300000 guides.
[INFO DRT-0156] guideIn read 400000 guides.

Number of guides:     469104

[INFO DRT-0169] Post process guides.
[INFO DRT-0176] GCELLGRID X 0 DO 278 STEP 6900 ;
[INFO DRT-0177] GCELLGRID Y 0 DO 278 STEP 6900 ;
[INFO DRT-0026]   Complete 10000 origin guides.
[INFO DRT-0026]   Complete 20000 origin guides.
[INFO DRT-0026]   Complete 30000 origin guides.
[INFO DRT-0026]   Complete 40000 origin guides.
[INFO DRT-0026]   Complete 50000 origin guides.
[INFO DRT-0026]   Complete 60000 origin guides.
[INFO DRT-0026]   Complete 70000 origin guides.
[INFO DRT-0026]   Complete 80000 origin guides.
[INFO DRT-0026]   Complete 90000 origin guides.
[INFO DRT-0027]   Complete 100000 origin guides.
[INFO DRT-0027]   Complete 200000 origin guides.
[INFO DRT-0027]   Complete 300000 origin guides.
[INFO DRT-0027]   Complete 400000 origin guides.
[INFO DRT-0028]   Complete FR_MASTERSLICE.
[INFO DRT-0028]   Complete FR_VIA.
[INFO DRT-0028]   Complete li1.
[INFO DRT-0028]   Complete mcon.
[INFO DRT-0028]   Complete met1.
[INFO DRT-0028]   Complete via.
[INFO DRT-0028]   Complete met2.
[INFO DRT-0028]   Complete via2.
[INFO DRT-0028]   Complete met3.
[INFO DRT-0028]   Complete via3.
[INFO DRT-0028]   Complete met4.
[INFO DRT-0028]   Complete via4.
[INFO DRT-0028]   Complete met5.
  complete 10000 nets.
  complete 20000 nets.
  complete 30000 nets.
  complete 40000 nets.
  complete 50000 nets.
[INFO DRT-0178] Init guide query.
[INFO DRT-0029]   Complete 10000 nets (guide).
[INFO DRT-0029]   Complete 20000 nets (guide).
[INFO DRT-0029]   Complete 30000 nets (guide).
[INFO DRT-0029]   Complete 40000 nets (guide).
[INFO DRT-0029]   Complete 50000 nets (guide).
[INFO DRT-0035]   Complete FR_MASTERSLICE (guide).
[INFO DRT-0035]   Complete FR_VIA (guide).
[INFO DRT-0035]   Complete li1 (guide).
[INFO DRT-0035]   Complete mcon (guide).
[INFO DRT-0035]   Complete met1 (guide).
[INFO DRT-0035]   Complete via (guide).
[INFO DRT-0035]   Complete met2 (guide).
[INFO DRT-0035]   Complete via2 (guide).
[INFO DRT-0035]   Complete met3 (guide).
[INFO DRT-0035]   Complete via3 (guide).
[INFO DRT-0035]   Complete met4 (guide).
[INFO DRT-0035]   Complete via4 (guide).
[INFO DRT-0035]   Complete met5 (guide).
[INFO DRT-0036] FR_MASTERSLICE guide region query size = 0.
[INFO DRT-0036] FR_VIA guide region query size = 0.
[INFO DRT-0036] li1 guide region query size = 173963.
[INFO DRT-0036] mcon guide region query size = 0.
[INFO DRT-0036] met1 guide region query size = 150482.
[INFO DRT-0036] via guide region query size = 0.
[INFO DRT-0036] met2 guide region query size = 82296.
[INFO DRT-0036] via2 guide region query size = 0.
[INFO DRT-0036] met3 guide region query size = 447.
[INFO DRT-0036] via3 guide region query size = 0.
[INFO DRT-0036] met4 guide region query size = 142.
[INFO DRT-0036] via4 guide region query size = 0.
[INFO DRT-0036] met5 guide region query size = 0.
[INFO DRT-0179] Init gr pin query.
[INFO DRT-0245] skipped writing guide updates to database.
[INFO DRT-0185] Post process initialize RPin region query.
[INFO DRT-0181] Start track assignment.
[INFO DRT-0184] Done with 256401 vertical wires in 6 frboxes and 150929 horizontal wires in 6 frboxes.
[INFO DRT-0186] Done with 57747 vertical wires in 6 frboxes and 80088 horizontal wires in 6 frboxes.
[INFO DRT-0182] Complete track assignment.
[INFO DRT-0267] cpu time = 00:01:29, elapsed time = 00:00:27, memory = 2217.16 (MB), peak = 3177.62 (MB)
[INFO DRT-0187] Start routing data preparation.
[INFO DRT-0267] cpu time = 00:00:00, elapsed time = 00:00:00, memory = 2243.29 (MB), peak = 3177.62 (MB)
[INFO DRT-0194] Start detail routing.
[INFO DRT-0195] Start 0th optimization iteration.
    Completing 10% with 0 violations.
    elapsed time = 00:00:11, memory = 5528.60 (MB).
    Completing 20% with 0 violations.
    elapsed time = 00:00:56, memory = 8621.57 (MB).
    Completing 30% with 46897 violations.
    elapsed time = 00:02:15, memory = 8778.16 (MB).
    Completing 40% with 46897 violations.
    elapsed time = 00:02:40, memory = 9112.87 (MB).
