Tue Oct 25 13:17:10 UTC 2022 - Executing "openroad -python /openlane/scripts/odbpy/lefutil.py get_metal_layers -o /openlane/designs/lab1_hehe/runs/RUN_2022.10.25_13.17.09/tmp/layers.list /work/stu/yaowei/workspace/OpenLane/pdks/sky130A/libs.ref/sky130_fd_sc_hd/techlef/sky130_fd_sc_hd__nom.tlef"

Tue Oct 25 13:17:10 UTC 2022 - Executing "/openlane/scripts/mergeLef.py -o /openlane/designs/lab1_hehe/runs/RUN_2022.10.25_13.17.09/tmp/merged.nom.lef -i /work/stu/yaowei/workspace/OpenLane/pdks/sky130A/libs.ref/sky130_fd_sc_hd/techlef/sky130_fd_sc_hd__nom.tlef {/work/stu/yaowei/workspace/OpenLane/pdks/sky130A/libs.ref/sky130_fd_sc_hd/lef/sky130_ef_sc_hd.lef /work/stu/yaowei/workspace/OpenLane/pdks/sky130A/libs.ref/sky130_fd_sc_hd/lef/sky130_fd_sc_hd.lef} |& tee /dev/null"

Tue Oct 25 13:17:10 UTC 2022 - Executing "/openlane/scripts/mergeLef.py -o /openlane/designs/lab1_hehe/runs/RUN_2022.10.25_13.17.09/tmp/merged.min.lef -i /work/stu/yaowei/workspace/OpenLane/pdks/sky130A/libs.ref/sky130_fd_sc_hd/techlef/sky130_fd_sc_hd__min.tlef {/work/stu/yaowei/workspace/OpenLane/pdks/sky130A/libs.ref/sky130_fd_sc_hd/lef/sky130_ef_sc_hd.lef /work/stu/yaowei/workspace/OpenLane/pdks/sky130A/libs.ref/sky130_fd_sc_hd/lef/sky130_fd_sc_hd.lef} |& tee /dev/null"

Tue Oct 25 13:17:10 UTC 2022 - Executing "/openlane/scripts/mergeLef.py -o /openlane/designs/lab1_hehe/runs/RUN_2022.10.25_13.17.09/tmp/merged.max.lef -i /work/stu/yaowei/workspace/OpenLane/pdks/sky130A/libs.ref/sky130_fd_sc_hd/techlef/sky130_fd_sc_hd__max.tlef {/work/stu/yaowei/workspace/OpenLane/pdks/sky130A/libs.ref/sky130_fd_sc_hd/lef/sky130_ef_sc_hd.lef /work/stu/yaowei/workspace/OpenLane/pdks/sky130A/libs.ref/sky130_fd_sc_hd/lef/sky130_fd_sc_hd.lef} |& tee /dev/null"

Tue Oct 25 13:17:10 UTC 2022 - Executing "python3 /openlane/scripts/mergeLib.py --output /openlane/designs/lab1_hehe/runs/RUN_2022.10.25_13.17.09/tmp/synthesis/merged.lib --name sky130A_merged /work/stu/yaowei/workspace/OpenLane/pdks/sky130A/libs.ref/sky130_fd_sc_hd/lib/sky130_fd_sc_hd__tt_025C_1v80.lib"

Tue Oct 25 13:17:11 UTC 2022 - Executing "python3 /openlane/scripts/libtrim.py --cell-file /openlane/designs/lab1_hehe/runs/RUN_2022.10.25_13.17.09/tmp/synthesis/trimmed.lib.exclude.list --output /openlane/designs/lab1_hehe/runs/RUN_2022.10.25_13.17.09/tmp/synthesis/trimmed.lib /openlane/designs/lab1_hehe/runs/RUN_2022.10.25_13.17.09/tmp/synthesis/merged.lib"

Tue Oct 25 13:17:11 UTC 2022 - Executing "python3 /openlane/scripts/libtrim.py --cell-file /openlane/designs/lab1_hehe/runs/RUN_2022.10.25_13.17.09/tmp/cts/cts.lib.exclude.list --output /openlane/designs/lab1_hehe/runs/RUN_2022.10.25_13.17.09/tmp/cts/cts.lib /work/stu/yaowei/workspace/OpenLane/pdks/sky130A/libs.ref/sky130_fd_sc_hd/lib/sky130_fd_sc_hd__tt_025C_1v80.lib"

Tue Oct 25 13:17:12 UTC 2022 - Executing "python3 /openlane/scripts/new_tracks.py -i /work/stu/yaowei/workspace/OpenLane/pdks/sky130A/libs.tech/openlane/sky130_fd_sc_hd/tracks.info -o /openlane/designs/lab1_hehe/runs/RUN_2022.10.25_13.17.09/tmp/routing/config.tracks"

Tue Oct 25 13:17:12 UTC 2022 - Executing "echo {OpenLane e3a5189a1b0fc4290686fcf2ae46cd6d7947cf9f} > /openlane/designs/lab1_hehe/runs/RUN_2022.10.25_13.17.09/OPENLANE_VERSION"

Tue Oct 25 13:17:12 UTC 2022 - Executing "sed -E {s/^([[:space:]]+)pg_pin(.*)/\1pin\2\n\1    direction : "inout";/g} /work/stu/yaowei/workspace/OpenLane/pdks/sky130A/libs.ref/sky130_fd_sc_hd/lib/sky130_fd_sc_hd__tt_025C_1v80.lib > /openlane/designs/lab1_hehe/runs/RUN_2022.10.25_13.17.09/tmp/synthesis/1-sky130_fd_sc_hd__tt_025C_1v80.no_pg.lib"

Tue Oct 25 13:17:12 UTC 2022 - Executing "sed -E {s/^([[:space:]]+)pg_pin(.*)/\1pin\2\n\1    direction : "inout";/g} /openlane/designs/lab1_hehe/runs/RUN_2022.10.25_13.17.09/tmp/synthesis/trimmed.lib > /openlane/designs/lab1_hehe/runs/RUN_2022.10.25_13.17.09/tmp/synthesis/1-trimmed.no_pg.lib"

Tue Oct 25 13:17:13 UTC 2022 - Executing "yosys -c /openlane/scripts/yosys/synth.tcl -l /openlane/designs/lab1_hehe/runs/RUN_2022.10.25_13.17.09/logs/synthesis/1-synthesis.log |& tee /dev/null"

Tue Oct 25 13:23:51 UTC 2022 - Executing "sed -i -e {s/\(set ::env(CURRENT_NETLIST)\).*/\1 \/openlane\/designs\/lab1_hehe\/runs\/RUN_2022.10.25_13.17.09\/results\/synthesis\/hehe.v/} /openlane/designs/lab1_hehe/runs/RUN_2022.10.25_13.17.09/config.tcl"

Tue Oct 25 13:23:51 UTC 2022 - Executing "sed -i /defparam/d /openlane/designs/lab1_hehe/runs/RUN_2022.10.25_13.17.09/results/synthesis/hehe.v"

Tue Oct 25 13:24:21 UTC 2022 - Executing "openroad -exit /openlane/scripts/openroad/sta.tcl |& tee /dev/null /openlane/designs/lab1_hehe/runs/RUN_2022.10.25_13.17.09/logs/synthesis/2-sta.log"

Tue Oct 25 13:31:53 UTC 2022 - Executing "sed -E {s/^([[:space:]]+)pg_pin(.*)/\1pin\2\n\1    direction : "inout";/g} /work/stu/yaowei/workspace/OpenLane/pdks/sky130A/libs.ref/sky130_fd_sc_hd/lib/sky130_fd_sc_hd__tt_025C_1v80.lib > /openlane/designs/lab1_hehe/runs/RUN_2022.10.25_13.17.09/tmp/synthesis/2-sky130_fd_sc_hd__tt_025C_1v80.no_pg.lib"

Tue Oct 25 13:31:53 UTC 2022 - Executing "sed -E {s/^([[:space:]]+)pg_pin(.*)/\1pin\2\n\1    direction : "inout";/g} /openlane/designs/lab1_hehe/runs/RUN_2022.10.25_13.17.09/tmp/synthesis/trimmed.lib > /openlane/designs/lab1_hehe/runs/RUN_2022.10.25_13.17.09/tmp/synthesis/2-trimmed.no_pg.lib"

Tue Oct 25 13:31:54 UTC 2022 - Executing "yosys -c /openlane/scripts/yosys/synth.tcl -l /dev/null |& tee /dev/null"

Tue Oct 25 13:38:26 UTC 2022 - Executing "openroad -exit /openlane/scripts/openroad/floorplan.tcl |& tee /dev/null /openlane/designs/lab1_hehe/runs/RUN_2022.10.25_13.17.09/logs/floorplan/3-initial_fp.log"

Tue Oct 25 13:38:29 UTC 2022 - Executing "openroad -exit /openlane/scripts/openroad/floorplan.tcl |& tee /dev/null /openlane/designs/lab1_hehe/runs/RUN_2022.10.25_13.17.09/logs/floorplan/3-initial_fp.log"

Tue Oct 25 13:38:31 UTC 2022 - Executing "openroad -python /openlane/scripts/odbpy/defutil.py extract_core_dims --output-data /openlane/designs/lab1_hehe/runs/RUN_2022.10.25_13.17.09/tmp/dimensions.txt --input-lef /openlane/designs/lab1_hehe/runs/RUN_2022.10.25_13.17.09/tmp/merged.nom.lef /openlane/designs/lab1_hehe/runs/RUN_2022.10.25_13.17.09/tmp/floorplan/3-initial_fp.def"

Tue Oct 25 13:38:32 UTC 2022 - Executing "openroad -exit /openlane/scripts/openroad/ioplacer.tcl |& tee /dev/null /openlane/designs/lab1_hehe/runs/RUN_2022.10.25_13.17.09/logs/floorplan/4-io.log"

Tue Oct 25 13:38:34 UTC 2022 - Executing "openroad -exit /openlane/scripts/openroad/tapcell.tcl |& tee /dev/null /openlane/designs/lab1_hehe/runs/RUN_2022.10.25_13.17.09/logs/floorplan/5-tap.log"

Tue Oct 25 13:38:36 UTC 2022 - Executing "openroad -exit /openlane/scripts/openroad/pdn.tcl |& tee /dev/null /openlane/designs/lab1_hehe/runs/RUN_2022.10.25_13.17.09/logs/floorplan/6-pdn.log"

Tue Oct 25 13:38:42 UTC 2022 - Executing "openroad -exit /openlane/scripts/openroad/gpl.tcl |& tee /dev/null /openlane/designs/lab1_hehe/runs/RUN_2022.10.25_13.17.09/logs/placement/7-global.log"

Tue Oct 25 13:44:05 UTC 2022 - Executing "openroad -exit /openlane/scripts/openroad/dpl.tcl |& tee /dev/null /openlane/designs/lab1_hehe/runs/RUN_2022.10.25_13.17.09/logs/placement/8-detailed.log"

Tue Oct 25 13:44:11 UTC 2022 - Executing "sed -i -e {s/\(set ::env(CURRENT_NETLIST)\).*/\1 \/openlane\/designs\/lab1_hehe\/runs\/RUN_2022.10.25_13.17.09\/results\/placement\/hehe.nl.v/} /openlane/designs/lab1_hehe/runs/RUN_2022.10.25_13.17.09/config.tcl"

Tue Oct 25 13:44:12 UTC 2022 - Executing "openroad -exit /openlane/scripts/openroad/resizer_routing_timing.tcl |& tee /dev/null /openlane/designs/lab1_hehe/runs/RUN_2022.10.25_13.17.09/logs/routing/9-resizer.log"

Tue Oct 25 14:01:16 UTC 2022 - Executing "sed -i -e {s/\(set ::env(CURRENT_NETLIST)\).*/\1 \/openlane\/designs\/lab1_hehe\/runs\/RUN_2022.10.25_13.17.09\/tmp\/9-hehe.nl.v/} /openlane/designs/lab1_hehe/runs/RUN_2022.10.25_13.17.09/config.tcl"

Tue Oct 25 14:01:16 UTC 2022 - Executing "openroad -exit /openlane/scripts/openroad/dpl.tcl |& tee /dev/null /openlane/designs/lab1_hehe/runs/RUN_2022.10.25_13.17.09/logs/routing/10-diode_legalization.log"

Tue Oct 25 14:01:22 UTC 2022 - Executing "sed -i -e {s/\(set ::env(CURRENT_NETLIST)\).*/\1 \/openlane\/designs\/lab1_hehe\/runs\/RUN_2022.10.25_13.17.09\/tmp\/routing\/diode.nl.v/} /openlane/designs/lab1_hehe/runs/RUN_2022.10.25_13.17.09/config.tcl"

Tue Oct 25 14:01:22 UTC 2022 - Executing "openroad -exit /openlane/scripts/openroad/groute.tcl |& tee /dev/null /openlane/designs/lab1_hehe/runs/RUN_2022.10.25_13.17.09/logs/routing/11-global.log"

Tue Oct 25 14:05:50 UTC 2022 - Executing "openroad -python /openlane/scripts/odbpy/defutil.py replace_instance_prefixes --original-prefix ANTENNA --new-prefix INSDIODE1 --input-lef /openlane/designs/lab1_hehe/runs/RUN_2022.10.25_13.17.09/tmp/merged.nom.lef --output-def /openlane/designs/lab1_hehe/runs/RUN_2022.10.25_13.17.09/tmp/routing/diode.def --output /openlane/designs/lab1_hehe/runs/RUN_2022.10.25_13.17.09/tmp/routing/diode.odb /openlane/designs/lab1_hehe/runs/RUN_2022.10.25_13.17.09/tmp/routing/diode.odb |& tee /dev/null /openlane/designs/lab1_hehe/runs/RUN_2022.10.25_13.17.09/logs/routing/11-antenna_diodes_1.log"

Tue Oct 25 14:05:53 UTC 2022 - Executing "openroad -exit /openlane/scripts/openroad/groute.tcl |& tee /dev/null /openlane/designs/lab1_hehe/runs/RUN_2022.10.25_13.17.09/logs/routing/11-antenna_route_1.log"

Tue Oct 25 14:10:21 UTC 2022 - Executing "openroad -exit /openlane/scripts/openroad/write_views.tcl |& tee /dev/null /openlane/designs/lab1_hehe/runs/RUN_2022.10.25_13.17.09/logs/routing/11-global_write_netlist.log"

Tue Oct 25 14:10:24 UTC 2022 - Executing "sed -i -e {s/\(set ::env(CURRENT_NETLIST)\).*/\1 \/openlane\/designs\/lab1_hehe\/runs\/RUN_2022.10.25_13.17.09\/tmp\/routing\/global.nl.v/} /openlane/designs/lab1_hehe/runs/RUN_2022.10.25_13.17.09/config.tcl"

Tue Oct 25 14:10:25 UTC 2022 - Executing "openroad -exit /openlane/scripts/openroad/fill.tcl |& tee /dev/null /openlane/designs/lab1_hehe/runs/RUN_2022.10.25_13.17.09/logs/routing/13-fill.log"

Tue Oct 25 14:10:38 UTC 2022 - Executing "sed -i -e {s/\(set ::env(CURRENT_NETLIST)\).*/\1 \/openlane\/designs\/lab1_hehe\/runs\/RUN_2022.10.25_13.17.09\/tmp\/routing\/13-fill.nl.v/} /openlane/designs/lab1_hehe/runs/RUN_2022.10.25_13.17.09/config.tcl"

Tue Oct 25 14:10:39 UTC 2022 - Executing "openroad -exit /openlane/scripts/openroad/droute.tcl |& tee /dev/null /openlane/designs/lab1_hehe/runs/RUN_2022.10.25_13.17.09/logs/routing/14-detailed.log"

