[INFO]: Run Directory: /openlane/designs/lab1_hehe/runs/RUN_2022.10.25_13.17.09
[INFO]: Preparing LEF files for the nom corner...
[INFO]: Preparing LEF files for the min corner...
[INFO]: Preparing LEF files for the max corner...
[INFO]: Running Synthesis (log: designs/lab1_hehe/runs/RUN_2022.10.25_13.17.09/logs/synthesis/1-synthesis.log)...
[INFO]: Running Single-Corner Static Timing Analysis (log: designs/lab1_hehe/runs/RUN_2022.10.25_13.17.09/logs/synthesis/2-sta.log)...
[INFO]: Creating a netlist with power/ground pins.
[INFO]: Running Initial Floorplanning (log: designs/lab1_hehe/runs/RUN_2022.10.25_13.17.09/logs/floorplan/3-initial_fp.log)...
[INFO]: Extracting core dimensions...
[INFO]: Set CORE_WIDTH to 1908.54, CORE_HEIGHT to 1895.84.
[INFO]: Running IO Placement...
[INFO]: Running Tap/Decap Insertion (log: designs/lab1_hehe/runs/RUN_2022.10.25_13.17.09/logs/floorplan/5-tap.log)...
[INFO]: Power planning with power {vccd1} and ground {vssd1}...
[INFO]: Generating PDN (log: designs/lab1_hehe/runs/RUN_2022.10.25_13.17.09/logs/floorplan/6-pdn.log)...
[INFO]: Running Global Placement (log: designs/lab1_hehe/runs/RUN_2022.10.25_13.17.09/logs/placement/7-global.log)...
[INFO]: Skipping Placement Resizer Design Optimizations.
[INFO]: Running Detailed Placement (log: designs/lab1_hehe/runs/RUN_2022.10.25_13.17.09/logs/placement/8-detailed.log)...
[INFO]: Skipping Placement Resizer Timing Optimizations.
[INFO]: Running Global Routing Resizer Timing Optimizations (log: designs/lab1_hehe/runs/RUN_2022.10.25_13.17.09/logs/routing/9-resizer.log)...
[INFO]: Running Detailed Placement (log: designs/lab1_hehe/runs/RUN_2022.10.25_13.17.09/logs/routing/10-diode_legalization.log)...
[INFO]: Running Global Routing (log: designs/lab1_hehe/runs/RUN_2022.10.25_13.17.09/logs/routing/11-global.log)...
[INFO]: Starting OpenROAD Antenna Repair Iterations...
[INFO]: Starting antenna repair iteration 1 with 189 violations...
[INFO]: [Iteration 1] Failed to reduce antenna violations (189 -> 189), stopping iterations...
[INFO]: Writing Verilog (log: designs/lab1_hehe/runs/RUN_2022.10.25_13.17.09/logs/routing/11-global_write_netlist.log)...
[INFO]: Running Fill Insertion (log: designs/lab1_hehe/runs/RUN_2022.10.25_13.17.09/logs/routing/13-fill.log)...
[INFO]: Running Detailed Routing (log: designs/lab1_hehe/runs/RUN_2022.10.25_13.17.09/logs/routing/14-detailed.log)...
