Wed Oct 26 10:44:12 UTC 2022 - Executing "openroad -python /openlane/scripts/odbpy/lefutil.py get_metal_layers -o /openlane/designs/lab1_hehe/runs/RUN_2022.10.26_10.44.12/tmp/layers.list /work/stu/yaowei/workspace/OpenLane/pdks/sky130A/libs.ref/sky130_fd_sc_hd/techlef/sky130_fd_sc_hd__nom.tlef"

Wed Oct 26 10:44:12 UTC 2022 - Executing "/openlane/scripts/mergeLef.py -o /openlane/designs/lab1_hehe/runs/RUN_2022.10.26_10.44.12/tmp/merged.nom.lef -i /work/stu/yaowei/workspace/OpenLane/pdks/sky130A/libs.ref/sky130_fd_sc_hd/techlef/sky130_fd_sc_hd__nom.tlef {/work/stu/yaowei/workspace/OpenLane/pdks/sky130A/libs.ref/sky130_fd_sc_hd/lef/sky130_ef_sc_hd.lef /work/stu/yaowei/workspace/OpenLane/pdks/sky130A/libs.ref/sky130_fd_sc_hd/lef/sky130_fd_sc_hd.lef} |& tee /dev/null"

Wed Oct 26 10:44:13 UTC 2022 - Executing "/openlane/scripts/mergeLef.py -o /openlane/designs/lab1_hehe/runs/RUN_2022.10.26_10.44.12/tmp/merged.min.lef -i /work/stu/yaowei/workspace/OpenLane/pdks/sky130A/libs.ref/sky130_fd_sc_hd/techlef/sky130_fd_sc_hd__min.tlef {/work/stu/yaowei/workspace/OpenLane/pdks/sky130A/libs.ref/sky130_fd_sc_hd/lef/sky130_ef_sc_hd.lef /work/stu/yaowei/workspace/OpenLane/pdks/sky130A/libs.ref/sky130_fd_sc_hd/lef/sky130_fd_sc_hd.lef} |& tee /dev/null"

Wed Oct 26 10:44:13 UTC 2022 - Executing "/openlane/scripts/mergeLef.py -o /openlane/designs/lab1_hehe/runs/RUN_2022.10.26_10.44.12/tmp/merged.max.lef -i /work/stu/yaowei/workspace/OpenLane/pdks/sky130A/libs.ref/sky130_fd_sc_hd/techlef/sky130_fd_sc_hd__max.tlef {/work/stu/yaowei/workspace/OpenLane/pdks/sky130A/libs.ref/sky130_fd_sc_hd/lef/sky130_ef_sc_hd.lef /work/stu/yaowei/workspace/OpenLane/pdks/sky130A/libs.ref/sky130_fd_sc_hd/lef/sky130_fd_sc_hd.lef} |& tee /dev/null"

Wed Oct 26 10:44:13 UTC 2022 - Executing "python3 /openlane/scripts/mergeLib.py --output /openlane/designs/lab1_hehe/runs/RUN_2022.10.26_10.44.12/tmp/synthesis/merged.lib --name sky130A_merged /work/stu/yaowei/workspace/OpenLane/pdks/sky130A/libs.ref/sky130_fd_sc_hd/lib/sky130_fd_sc_hd__tt_100C_1v80.lib"

Wed Oct 26 10:44:13 UTC 2022 - Executing "python3 /openlane/scripts/libtrim.py --cell-file /openlane/designs/lab1_hehe/runs/RUN_2022.10.26_10.44.12/tmp/synthesis/trimmed.lib.exclude.list --output /openlane/designs/lab1_hehe/runs/RUN_2022.10.26_10.44.12/tmp/synthesis/trimmed.lib /openlane/designs/lab1_hehe/runs/RUN_2022.10.26_10.44.12/tmp/synthesis/merged.lib"

Wed Oct 26 10:44:14 UTC 2022 - Executing "python3 /openlane/scripts/libtrim.py --cell-file /openlane/designs/lab1_hehe/runs/RUN_2022.10.26_10.44.12/tmp/cts/cts.lib.exclude.list --output /openlane/designs/lab1_hehe/runs/RUN_2022.10.26_10.44.12/tmp/cts/cts.lib /work/stu/yaowei/workspace/OpenLane/pdks/sky130A/libs.ref/sky130_fd_sc_hd/lib/sky130_fd_sc_hd__tt_100C_1v80.lib"

Wed Oct 26 10:44:14 UTC 2022 - Executing "python3 /openlane/scripts/new_tracks.py -i /work/stu/yaowei/workspace/OpenLane/pdks/sky130A/libs.tech/openlane/sky130_fd_sc_hd/tracks.info -o /openlane/designs/lab1_hehe/runs/RUN_2022.10.26_10.44.12/tmp/routing/config.tracks"

Wed Oct 26 10:44:14 UTC 2022 - Executing "echo {OpenLane e3a5189a1b0fc4290686fcf2ae46cd6d7947cf9f} > /openlane/designs/lab1_hehe/runs/RUN_2022.10.26_10.44.12/OPENLANE_VERSION"

Wed Oct 26 10:44:15 UTC 2022 - Executing "sed -E {s/^([[:space:]]+)pg_pin(.*)/\1pin\2\n\1    direction : "inout";/g} /work/stu/yaowei/workspace/OpenLane/pdks/sky130A/libs.ref/sky130_fd_sc_hd/lib/sky130_fd_sc_hd__tt_100C_1v80.lib > /openlane/designs/lab1_hehe/runs/RUN_2022.10.26_10.44.12/tmp/synthesis/1-sky130_fd_sc_hd__tt_100C_1v80.no_pg.lib"

Wed Oct 26 10:44:15 UTC 2022 - Executing "sed -E {s/^([[:space:]]+)pg_pin(.*)/\1pin\2\n\1    direction : "inout";/g} /openlane/designs/lab1_hehe/runs/RUN_2022.10.26_10.44.12/tmp/synthesis/trimmed.lib > /openlane/designs/lab1_hehe/runs/RUN_2022.10.26_10.44.12/tmp/synthesis/1-trimmed.no_pg.lib"

Wed Oct 26 10:44:15 UTC 2022 - Executing "yosys -c /openlane/scripts/yosys/synth.tcl -l /openlane/designs/lab1_hehe/runs/RUN_2022.10.26_10.44.12/logs/synthesis/1-synthesis.log |& tee /dev/null"

Wed Oct 26 10:50:34 UTC 2022 - Executing "sed -i -e {s/\(set ::env(CURRENT_NETLIST)\).*/\1 \/openlane\/designs\/lab1_hehe\/runs\/RUN_2022.10.26_10.44.12\/results\/synthesis\/hehe.v/} /openlane/designs/lab1_hehe/runs/RUN_2022.10.26_10.44.12/config.tcl"

Wed Oct 26 10:50:34 UTC 2022 - Executing "sed -i /defparam/d /openlane/designs/lab1_hehe/runs/RUN_2022.10.26_10.44.12/results/synthesis/hehe.v"

Wed Oct 26 10:50:53 UTC 2022 - Executing "openroad -exit /openlane/scripts/openroad/sta.tcl |& tee /dev/null /openlane/designs/lab1_hehe/runs/RUN_2022.10.26_10.44.12/logs/synthesis/2-sta.log"

Wed Oct 26 10:56:50 UTC 2022 - Executing "sed -E {s/^([[:space:]]+)pg_pin(.*)/\1pin\2\n\1    direction : "inout";/g} /work/stu/yaowei/workspace/OpenLane/pdks/sky130A/libs.ref/sky130_fd_sc_hd/lib/sky130_fd_sc_hd__tt_100C_1v80.lib > /openlane/designs/lab1_hehe/runs/RUN_2022.10.26_10.44.12/tmp/synthesis/2-sky130_fd_sc_hd__tt_100C_1v80.no_pg.lib"

Wed Oct 26 10:56:51 UTC 2022 - Executing "sed -E {s/^([[:space:]]+)pg_pin(.*)/\1pin\2\n\1    direction : "inout";/g} /openlane/designs/lab1_hehe/runs/RUN_2022.10.26_10.44.12/tmp/synthesis/trimmed.lib > /openlane/designs/lab1_hehe/runs/RUN_2022.10.26_10.44.12/tmp/synthesis/2-trimmed.no_pg.lib"

Wed Oct 26 10:56:51 UTC 2022 - Executing "yosys -c /openlane/scripts/yosys/synth.tcl -l /dev/null |& tee /dev/null"

Wed Oct 26 11:03:15 UTC 2022 - Executing "openroad -exit /openlane/scripts/openroad/floorplan.tcl |& tee /dev/null /openlane/designs/lab1_hehe/runs/RUN_2022.10.26_10.44.12/logs/floorplan/3-initial_fp.log"

Wed Oct 26 11:03:18 UTC 2022 - Executing "openroad -exit /openlane/scripts/openroad/floorplan.tcl |& tee /dev/null /openlane/designs/lab1_hehe/runs/RUN_2022.10.26_10.44.12/logs/floorplan/3-initial_fp.log"

Wed Oct 26 11:03:20 UTC 2022 - Executing "openroad -python /openlane/scripts/odbpy/defutil.py extract_core_dims --output-data /openlane/designs/lab1_hehe/runs/RUN_2022.10.26_10.44.12/tmp/dimensions.txt --input-lef /openlane/designs/lab1_hehe/runs/RUN_2022.10.26_10.44.12/tmp/merged.nom.lef /openlane/designs/lab1_hehe/runs/RUN_2022.10.26_10.44.12/tmp/floorplan/3-initial_fp.def"

Wed Oct 26 11:03:21 UTC 2022 - Executing "openroad -exit /openlane/scripts/openroad/ioplacer.tcl |& tee /dev/null /openlane/designs/lab1_hehe/runs/RUN_2022.10.26_10.44.12/logs/floorplan/4-io.log"

Wed Oct 26 11:03:22 UTC 2022 - Executing "openroad -exit /openlane/scripts/openroad/tapcell.tcl |& tee /dev/null /openlane/designs/lab1_hehe/runs/RUN_2022.10.26_10.44.12/logs/floorplan/5-tap.log"

Wed Oct 26 11:03:25 UTC 2022 - Executing "openroad -exit /openlane/scripts/openroad/pdn.tcl |& tee /dev/null /openlane/designs/lab1_hehe/runs/RUN_2022.10.26_10.44.12/logs/floorplan/6-pdn.log"

Wed Oct 26 11:03:31 UTC 2022 - Executing "openroad -exit /openlane/scripts/openroad/gpl.tcl |& tee /dev/null /openlane/designs/lab1_hehe/runs/RUN_2022.10.26_10.44.12/logs/placement/7-global.log"

